<?xml version="1.0" encoding="UTF-8"?>
<!-- Generated by org.testng.reporters.JUnitXMLReporter -->
<testsuite hostname="DESKTOP-JR77HT2" ignored="3" name="Default test" tests="1" failures="0" timestamp="2020-10-11T02:08:46 BDT" time="34.996" errors="0">
  <testcase name="Reg_is_working_with_valid_data" time="14.338" classname="LICT.Sarowar_Lict_Automation_Project.TestPage_Reg"/>
  <testcase name="Reg_is_not_working_with_invalid_email" time="0.0" classname="LICT.Sarowar_Lict_Automation_Project.TestPage_Reg">
    <ignored/>
  </testcase> <!-- Reg_is_not_working_with_invalid_email -->
  <testcase name="Reg_not_giving_Required_info" time="0.0" classname="LICT.Sarowar_Lict_Automation_Project.TestPage_Reg">
    <ignored/>
  </testcase> <!-- Reg_not_giving_Required_info -->
  <testcase name="Reg_is_not_working_with_minimum_pass" time="0.0" classname="LICT.Sarowar_Lict_Automation_Project.TestPage_Reg">
    <ignored/>
  </testcase> <!-- Reg_is_not_working_with_minimum_pass -->
</testsuite> <!-- Default test -->
